Using pre-set license
Built from '6000.0/release' branch; Version is '6000.0.29f1 (9fafe5c9db65) revision 10465253'; Using compiler version '193933523'; Build Type 'Release'
OS: 'Windows 11  (10.0.26100) 64bit CoreSingleLanguage' Language: 'en' Physical Memory: 16163 MB
BatchMode: 1, IsHumanControllingUs: 0, StartBugReporterOnCrash: 0, Is64bit: 1, IsPro: 1

COMMAND LINE ARGUMENTS:
D:\Project\Unity\6000.0.29f1\Editor\Unity.exe
-adb2
-batchMode
-noUpm
-name
AssetImportWorker8
-projectPath
D:/Project/Unity/Kingdom/Village-Hunters
-logFile
Logs/AssetImportWorker8.log
-srvPort
59571
-job-worker-count
5
-background-job-worker-count
8
-asset-garbage-collectors
1
Successfully changed project path to: D:/Project/Unity/Kingdom/Village-Hunters
D:/Project/Unity/Kingdom/Village-Hunters
[UnityMemory] Configuration Parameters - Can be set up in boot.config
    "memorysetup-bucket-allocator-granularity=16"
    "memorysetup-bucket-allocator-bucket-count=8"
    "memorysetup-bucket-allocator-block-size=33554432"
    "memorysetup-bucket-allocator-block-count=8"
    "memorysetup-main-allocator-block-size=16777216"
    "memorysetup-thread-allocator-block-size=16777216"
    "memorysetup-gfx-main-allocator-block-size=16777216"
    "memorysetup-gfx-thread-allocator-block-size=16777216"
    "memorysetup-cache-allocator-block-size=4194304"
    "memorysetup-typetree-allocator-block-size=2097152"
    "memorysetup-profiler-bucket-allocator-granularity=16"
    "memorysetup-profiler-bucket-allocator-bucket-count=8"
    "memorysetup-profiler-bucket-allocator-block-size=33554432"
    "memorysetup-profiler-bucket-allocator-block-count=8"
    "memorysetup-profiler-allocator-block-size=16777216"
    "memorysetup-profiler-editor-allocator-block-size=1048576"
    "memorysetup-temp-allocator-size-main=16777216"
    "memorysetup-job-temp-allocator-block-size=2097152"
    "memorysetup-job-temp-allocator-block-size-background=1048576"
    "memorysetup-job-temp-allocator-reduction-small-platforms=262144"
    "memorysetup-allocator-temp-initial-block-size-main=262144"
    "memorysetup-allocator-temp-initial-block-size-worker=262144"
    "memorysetup-temp-allocator-size-background-worker=32768"
    "memorysetup-temp-allocator-size-job-worker=262144"
    "memorysetup-temp-allocator-size-preload-manager=33554432"
    "memorysetup-temp-allocator-size-nav-mesh-worker=65536"
    "memorysetup-temp-allocator-size-audio-worker=65536"
    "memorysetup-temp-allocator-size-cloud-worker=32768"
    "memorysetup-temp-allocator-size-gi-baking-worker=262144"
    "memorysetup-temp-allocator-size-gi-baking-worker=262144"
    "memorysetup-temp-allocator-size-gi-baking-worker=262144"
    "memorysetup-temp-allocator-size-gi-baking-worker=262144"
    "memorysetup-temp-allocator-size-gi-baking-worker=262144"
    "memorysetup-temp-allocator-size-gfx=262144"
Player connection [20464]  Target information:

Player connection [20464]  * "[IP] 192.168.1.5 [Port] 0 [Flags] 2 [Guid] 2075059814 [EditorId] 2075059814 [Version] 1048832 [Id] WindowsEditor(7,LAPTOP-QSESO04I) [Debug] 1 [PackageName] WindowsEditor [ProjectName] Editor" 

Player connection [20464] Host joined multi-casting on [225.0.0.222:54997]...
Player connection [20464] Host joined alternative multi-casting on [225.0.0.222:34997]...
JobSystem: Creating JobQueue using job-worker-count value 5
[Physics::Module] Initialized fallback backend.
[Physics::Module] Id: 0xdecafbad
Library Redirect Path: Library/
[Physics::Module] Selected backend.
[Physics::Module] Name: PhysX
[Physics::Module] Id: 0xf2b8ea05
[Physics::Module] SDK Version: 4.1.2
[Physics::Module] Integration Version: 1.0.0
[Physics::Module] Threading Mode: Multi-Threaded
Refreshing native plugins compatible for Editor in 262.96 ms, found 4 plugins.
Preloading 0 native plugins for Editor in 0.00 ms.
Initialize engine version: 6000.0.29f1 (9fafe5c9db65)
[Subsystems] Discovering subsystems at path D:/Project/Unity/6000.0.29f1/Editor/Data/Resources/UnitySubsystems
[Subsystems] Discovering subsystems at path D:/Project/Unity/Kingdom/Village-Hunters/Assets
GfxDevice: creating device client; kGfxThreadingModeNonThreaded
Direct3D:
    Version:  Direct3D 11.0 [level 11.1]
    Renderer: NVIDIA GeForce RTX 3050 Laptop GPU (ID=0x25a5)
    Vendor:   NVIDIA
    VRAM:     3964 MB
    Driver:   32.0.15.7216
Initialize mono
Mono path[0] = 'D:/Project/Unity/6000.0.29f1/Editor/Data/Managed'
Mono path[1] = 'D:/Project/Unity/6000.0.29f1/Editor/Data/MonoBleedingEdge/lib/mono/unityjit-win32'
Mono config path = 'D:/Project/Unity/6000.0.29f1/Editor/Data/MonoBleedingEdge/etc'
Using monoOptions --debugger-agent=transport=dt_socket,embedding=1,server=y,suspend=n,address=127.0.0.1:56772
Begin MonoManager ReloadAssembly
Registering precompiled unity dll's ...
Register platform support module: D:/Project/Unity/6000.0.29f1/Editor/Data/PlaybackEngines/WebGLSupport/UnityEditor.WebGL.Extensions.dll
Register platform support module: D:/Project/Unity/6000.0.29f1/Editor/Data/PlaybackEngines/WindowsStandaloneSupport/UnityEditor.WindowsStandalone.Extensions.dll
Register platform support module: D:/Project/Unity/6000.0.29f1/Editor/Data/PlaybackEngines/iOSSupport/UnityEditor.iOS.Extensions.dll
Registered in 0.003542 seconds.
- Loaded All Assemblies, in  9.380 seconds
[usbmuxd] Start listen thread
[usbmuxd] Listen thread started
Native extension for iOS target not found
Native extension for WindowsStandalone target not found
Native extension for WebGL target not found
Mono: successfully reloaded assembly
- Finished resetting the current domain, in  0.698 seconds
Domain Reload Profiling: 10079ms
	BeginReloadAssembly (6922ms)
		ExecutionOrderSort (0ms)
		DisableScriptedObjects (0ms)
		BackupInstance (0ms)
		ReleaseScriptingObjects (0ms)
		CreateAndSetChildDomain (2ms)
	RebuildCommonClasses (663ms)
	RebuildNativeTypeToScriptingClass (11ms)
	initialDomainReloadingComplete (53ms)
	LoadAllAssembliesAndSetupDomain (1730ms)
		LoadAssemblies (6921ms)
		RebuildTransferFunctionScriptingTraits (0ms)
		AnalyzeDomain (1724ms)
			TypeCache.Refresh (1722ms)
				TypeCache.ScanAssembly (1432ms)
			BuildScriptInfoCaches (0ms)
			ResolveRequiredComponents (1ms)
	FinalizeReload (699ms)
		ReleaseScriptCaches (0ms)
		RebuildScriptCaches (0ms)
		SetupLoadedEditorAssemblies (631ms)
			LogAssemblyErrors (0ms)
			InitializePlatformSupportModulesInManaged (322ms)
			SetLoadedEditorAssemblies (5ms)
			BeforeProcessingInitializeOnLoad (7ms)
			ProcessInitializeOnLoadAttributes (207ms)
			ProcessInitializeOnLoadMethodAttributes (87ms)
			AfterProcessingInitializeOnLoad (4ms)
			EditorAssembliesLoaded (0ms)
		ExecutionOrderSort2 (0ms)
		AwakeInstancesAfterBackupRestoration (0ms)
Assembly with name 'FishNet.Runtime' already exists (Assets/03.Graphics/FishNet 1/Runtime/FishNet.Runtime.asmdef)
Assembly with name 'FishNet.Runtime' already exists (Assets/03.Graphics/FishNet/Runtime/FishNet.Runtime.asmdef)
Assembly with name 'ExtensionsEditor' already exists (Assets/03.Graphics/Redcode/Extensions/Scripts/Editor/ExtensionsEditor.asmdef)
Assembly with name 'ExtensionsEditor' already exists (Assets/03.Graphics/Redcode 1/Extensions/Scripts/Editor/ExtensionsEditor.asmdef)
Assembly with name 'ACTk.Examples.Runtime' already exists (Assets/03.Graphics/Plugins 1/CodeStage/AntiCheatToolkit/Examples/API Examples/Scripts/Runtime/ACTk.Examples.Runtime.asmdef)
Assembly with name 'ACTk.Examples.Runtime' already exists (Assets/03.Graphics/Plugins/CodeStage/AntiCheatToolkit/Examples/API Examples/Scripts/Runtime/ACTk.Examples.Runtime.asmdef)
Assembly with name 'ACTk.Examples.Genuine.Runtime' already exists (Assets/03.Graphics/Plugins 1/CodeStage/AntiCheatToolkit/Examples/Code Genuine Validation/Scripts/Runtime/ACTk.Examples.Genuine.Runtime.asmdef)
Assembly with name 'ACTk.Examples.Genuine.Runtime' already exists (Assets/03.Graphics/Plugins/CodeStage/AntiCheatToolkit/Examples/Code Genuine Validation/Scripts/Runtime/ACTk.Examples.Genuine.Runtime.asmdef)
Assembly with name 'ACTk.Runtime' already exists (Assets/03.Graphics/Plugins 1/CodeStage/AntiCheatToolkit/Runtime/ACTk.Runtime.asmdef)
Assembly with name 'ACTk.Runtime' already exists (Assets/03.Graphics/Plugins/CodeStage/AntiCheatToolkit/Runtime/ACTk.Runtime.asmdef)
Assembly with name 'Pools' already exists (Assets/03.Graphics/Modules 1/Submodules/Pools/Pools.asmdef)
Assembly with name 'Pools' already exists (Assets/03.Graphics/Modules/Submodules/Pools/Pools.asmdef)
Assembly with name 'GameKit.Dependencies' already exists (Assets/03.Graphics/FishNet 1/Runtime/Plugins/GameKit/Dependencies/GameKit.Dependencies.asmdef)
Assembly with name 'GameKit.Dependencies' already exists (Assets/03.Graphics/FishNet/Runtime/Plugins/GameKit/Dependencies/GameKit.Dependencies.asmdef)
Assembly with name 'Extensions' already exists (Assets/03.Graphics/Redcode 1/Extensions/Extensions.asmdef)
Assembly with name 'Extensions' already exists (Assets/03.Graphics/Redcode/Extensions/Extensions.asmdef)
Assembly with name 'ACTk.Editor' already exists (Assets/03.Graphics/Plugins 1/CodeStage/AntiCheatToolkit/Editor/ACTk.Editor.asmdef)
Assembly with name 'ACTk.Editor' already exists (Assets/03.Graphics/Plugins/CodeStage/AntiCheatToolkit/Editor/ACTk.Editor.asmdef)
Assembly with name 'FishNet.Codegen.Cecil' already exists (Assets/03.Graphics/FishNet 1/CodeGenerating/cecil-0.11.4/MonoFN.Cecil.asmdef)
Assembly with name 'FishNet.Codegen.Cecil' already exists (Assets/03.Graphics/FishNet/CodeGenerating/cecil-0.11.4/MonoFN.Cecil.asmdef)
Assembly with name 'ACTk.Examples.Genuine.Editor' already exists (Assets/03.Graphics/Plugins 1/CodeStage/AntiCheatToolkit/Examples/Code Genuine Validation/Scripts/Editor/ACTk.Examples.Genuine.Editor.asmdef)
Assembly with name 'ACTk.Examples.Genuine.Editor' already exists (Assets/03.Graphics/Plugins/CodeStage/AntiCheatToolkit/Examples/Code Genuine Validation/Scripts/Editor/ACTk.Examples.Genuine.Editor.asmdef)
Assembly with name 'FishNet.Demos' already exists (Assets/03.Graphics/FishNet/Demos/FishNet.Demos.asmdef)
Assembly with name 'FishNet.Demos' already exists (Assets/03.Graphics/FishNet 1/Demos/FishNet.Demos.asmdef)
Assembly with name 'Unity.FishNet.Codegen' already exists (Assets/03.Graphics/FishNet/CodeGenerating/Unity.FishNet.CodeGen.asmdef)
Assembly with name 'Unity.FishNet.Codegen' already exists (Assets/03.Graphics/FishNet 1/CodeGenerating/Unity.FishNet.CodeGen.asmdef)
========================================================================
Worker process is ready to serve import requests
Import Worker Mode flag is 0x00
Assembly with name 'FishNet.Runtime' already exists (Assets/03.Graphics/FishNet 1/Runtime/FishNet.Runtime.asmdef)
Assembly with name 'FishNet.Runtime' already exists (Assets/03.Graphics/FishNet/Runtime/FishNet.Runtime.asmdef)
Assembly with name 'ExtensionsEditor' already exists (Assets/03.Graphics/Redcode/Extensions/Scripts/Editor/ExtensionsEditor.asmdef)
Assembly with name 'ExtensionsEditor' already exists (Assets/03.Graphics/Redcode 1/Extensions/Scripts/Editor/ExtensionsEditor.asmdef)
Assembly with name 'ACTk.Examples.Runtime' already exists (Assets/03.Graphics/Plugins 1/CodeStage/AntiCheatToolkit/Examples/API Examples/Scripts/Runtime/ACTk.Examples.Runtime.asmdef)
Assembly with name 'ACTk.Examples.Runtime' already exists (Assets/03.Graphics/Plugins/CodeStage/AntiCheatToolkit/Examples/API Examples/Scripts/Runtime/ACTk.Examples.Runtime.asmdef)
Assembly with name 'ACTk.Examples.Genuine.Runtime' already exists (Assets/03.Graphics/Plugins 1/CodeStage/AntiCheatToolkit/Examples/Code Genuine Validation/Scripts/Runtime/ACTk.Examples.Genuine.Runtime.asmdef)
Assembly with name 'ACTk.Examples.Genuine.Runtime' already exists (Assets/03.Graphics/Plugins/CodeStage/AntiCheatToolkit/Examples/Code Genuine Validation/Scripts/Runtime/ACTk.Examples.Genuine.Runtime.asmdef)
Assembly with name 'ACTk.Runtime' already exists (Assets/03.Graphics/Plugins 1/CodeStage/AntiCheatToolkit/Runtime/ACTk.Runtime.asmdef)
Assembly with name 'ACTk.Runtime' already exists (Assets/03.Graphics/Plugins/CodeStage/AntiCheatToolkit/Runtime/ACTk.Runtime.asmdef)
Assembly with name 'Pools' already exists (Assets/03.Graphics/Modules 1/Submodules/Pools/Pools.asmdef)
Assembly with name 'Pools' already exists (Assets/03.Graphics/Modules/Submodules/Pools/Pools.asmdef)
Assembly with name 'GameKit.Dependencies' already exists (Assets/03.Graphics/FishNet 1/Runtime/Plugins/GameKit/Dependencies/GameKit.Dependencies.asmdef)
Assembly with name 'GameKit.Dependencies' already exists (Assets/03.Graphics/FishNet/Runtime/Plugins/GameKit/Dependencies/GameKit.Dependencies.asmdef)
Assembly with name 'Extensions' already exists (Assets/03.Graphics/Redcode 1/Extensions/Extensions.asmdef)
Assembly with name 'Extensions' already exists (Assets/03.Graphics/Redcode/Extensions/Extensions.asmdef)
Assembly with name 'ACTk.Editor' already exists (Assets/03.Graphics/Plugins 1/CodeStage/AntiCheatToolkit/Editor/ACTk.Editor.asmdef)
Assembly with name 'ACTk.Editor' already exists (Assets/03.Graphics/Plugins/CodeStage/AntiCheatToolkit/Editor/ACTk.Editor.asmdef)
Assembly with name 'FishNet.Codegen.Cecil' already exists (Assets/03.Graphics/FishNet 1/CodeGenerating/cecil-0.11.4/MonoFN.Cecil.asmdef)
Assembly with name 'FishNet.Codegen.Cecil' already exists (Assets/03.Graphics/FishNet/CodeGenerating/cecil-0.11.4/MonoFN.Cecil.asmdef)
Assembly with name 'ACTk.Examples.Genuine.Editor' already exists (Assets/03.Graphics/Plugins 1/CodeStage/AntiCheatToolkit/Examples/Code Genuine Validation/Scripts/Editor/ACTk.Examples.Genuine.Editor.asmdef)
Assembly with name 'ACTk.Examples.Genuine.Editor' already exists (Assets/03.Graphics/Plugins/CodeStage/AntiCheatToolkit/Examples/Code Genuine Validation/Scripts/Editor/ACTk.Examples.Genuine.Editor.asmdef)
Assembly with name 'FishNet.Demos' already exists (Assets/03.Graphics/FishNet/Demos/FishNet.Demos.asmdef)
Assembly with name 'FishNet.Demos' already exists (Assets/03.Graphics/FishNet 1/Demos/FishNet.Demos.asmdef)
Assembly with name 'Unity.FishNet.Codegen' already exists (Assets/03.Graphics/FishNet/CodeGenerating/Unity.FishNet.CodeGen.asmdef)
Assembly with name 'Unity.FishNet.Codegen' already exists (Assets/03.Graphics/FishNet 1/CodeGenerating/Unity.FishNet.CodeGen.asmdef)
Assembly with name 'FishNet.Runtime' already exists (Assets/03.Graphics/FishNet 1/Runtime/FishNet.Runtime.asmdef)
Assembly with name 'FishNet.Runtime' already exists (Assets/03.Graphics/FishNet/Runtime/FishNet.Runtime.asmdef)
Assembly with name 'ExtensionsEditor' already exists (Assets/03.Graphics/Redcode/Extensions/Scripts/Editor/ExtensionsEditor.asmdef)
Assembly with name 'ExtensionsEditor' already exists (Assets/03.Graphics/Redcode 1/Extensions/Scripts/Editor/ExtensionsEditor.asmdef)
Assembly with name 'ACTk.Examples.Runtime' already exists (Assets/03.Graphics/Plugins 1/CodeStage/AntiCheatToolkit/Examples/API Examples/Scripts/Runtime/ACTk.Examples.Runtime.asmdef)
Assembly with name 'ACTk.Examples.Runtime' already exists (Assets/03.Graphics/Plugins/CodeStage/AntiCheatToolkit/Examples/API Examples/Scripts/Runtime/ACTk.Examples.Runtime.asmdef)
Assembly with name 'ACTk.Examples.Genuine.Runtime' already exists (Assets/03.Graphics/Plugins 1/CodeStage/AntiCheatToolkit/Examples/Code Genuine Validation/Scripts/Runtime/ACTk.Examples.Genuine.Runtime.asmdef)
Assembly with name 'ACTk.Examples.Genuine.Runtime' already exists (Assets/03.Graphics/Plugins/CodeStage/AntiCheatToolkit/Examples/Code Genuine Validation/Scripts/Runtime/ACTk.Examples.Genuine.Runtime.asmdef)
Assembly with name 'ACTk.Runtime' already exists (Assets/03.Graphics/Plugins 1/CodeStage/AntiCheatToolkit/Runtime/ACTk.Runtime.asmdef)
Assembly with name 'ACTk.Runtime' already exists (Assets/03.Graphics/Plugins/CodeStage/AntiCheatToolkit/Runtime/ACTk.Runtime.asmdef)
Assembly with name 'Pools' already exists (Assets/03.Graphics/Modules 1/Submodules/Pools/Pools.asmdef)
Assembly with name 'Pools' already exists (Assets/03.Graphics/Modules/Submodules/Pools/Pools.asmdef)
Assembly with name 'GameKit.Dependencies' already exists (Assets/03.Graphics/FishNet 1/Runtime/Plugins/GameKit/Dependencies/GameKit.Dependencies.asmdef)
Assembly with name 'GameKit.Dependencies' already exists (Assets/03.Graphics/FishNet/Runtime/Plugins/GameKit/Dependencies/GameKit.Dependencies.asmdef)
Assembly with name 'Extensions' already exists (Assets/03.Graphics/Redcode 1/Extensions/Extensions.asmdef)
Assembly with name 'Extensions' already exists (Assets/03.Graphics/Redcode/Extensions/Extensions.asmdef)
Assembly with name 'ACTk.Editor' already exists (Assets/03.Graphics/Plugins 1/CodeStage/AntiCheatToolkit/Editor/ACTk.Editor.asmdef)
Assembly with name 'ACTk.Editor' already exists (Assets/03.Graphics/Plugins/CodeStage/AntiCheatToolkit/Editor/ACTk.Editor.asmdef)
Assembly with name 'FishNet.Codegen.Cecil' already exists (Assets/03.Graphics/FishNet 1/CodeGenerating/cecil-0.11.4/MonoFN.Cecil.asmdef)
Assembly with name 'FishNet.Codegen.Cecil' already exists (Assets/03.Graphics/FishNet/CodeGenerating/cecil-0.11.4/MonoFN.Cecil.asmdef)
Assembly with name 'ACTk.Examples.Genuine.Editor' already exists (Assets/03.Graphics/Plugins 1/CodeStage/AntiCheatToolkit/Examples/Code Genuine Validation/Scripts/Editor/ACTk.Examples.Genuine.Editor.asmdef)
Assembly with name 'ACTk.Examples.Genuine.Editor' already exists (Assets/03.Graphics/Plugins/CodeStage/AntiCheatToolkit/Examples/Code Genuine Validation/Scripts/Editor/ACTk.Examples.Genuine.Editor.asmdef)
Assembly with name 'FishNet.Demos' already exists (Assets/03.Graphics/FishNet/Demos/FishNet.Demos.asmdef)
Assembly with name 'FishNet.Demos' already exists (Assets/03.Graphics/FishNet 1/Demos/FishNet.Demos.asmdef)
Assembly with name 'Unity.FishNet.Codegen' already exists (Assets/03.Graphics/FishNet/CodeGenerating/Unity.FishNet.CodeGen.asmdef)
Assembly with name 'Unity.FishNet.Codegen' already exists (Assets/03.Graphics/FishNet 1/CodeGenerating/Unity.FishNet.CodeGen.asmdef)
Begin MonoManager ReloadAssembly
- Loaded All Assemblies, in 14.781 seconds
Assembly with name 'FishNet.Runtime' already exists (Assets/03.Graphics/FishNet 1/Runtime/FishNet.Runtime.asmdef)
Assembly with name 'FishNet.Runtime' already exists (Assets/03.Graphics/FishNet/Runtime/FishNet.Runtime.asmdef)
Assembly with name 'ExtensionsEditor' already exists (Assets/03.Graphics/Redcode/Extensions/Scripts/Editor/ExtensionsEditor.asmdef)
Assembly with name 'ExtensionsEditor' already exists (Assets/03.Graphics/Redcode 1/Extensions/Scripts/Editor/ExtensionsEditor.asmdef)
Assembly with name 'ACTk.Examples.Runtime' already exists (Assets/03.Graphics/Plugins 1/CodeStage/AntiCheatToolkit/Examples/API Examples/Scripts/Runtime/ACTk.Examples.Runtime.asmdef)
Assembly with name 'ACTk.Examples.Runtime' already exists (Assets/03.Graphics/Plugins/CodeStage/AntiCheatToolkit/Examples/API Examples/Scripts/Runtime/ACTk.Examples.Runtime.asmdef)
Assembly with name 'ACTk.Examples.Genuine.Runtime' already exists (Assets/03.Graphics/Plugins 1/CodeStage/AntiCheatToolkit/Examples/Code Genuine Validation/Scripts/Runtime/ACTk.Examples.Genuine.Runtime.asmdef)
Assembly with name 'ACTk.Examples.Genuine.Runtime' already exists (Assets/03.Graphics/Plugins/CodeStage/AntiCheatToolkit/Examples/Code Genuine Validation/Scripts/Runtime/ACTk.Examples.Genuine.Runtime.asmdef)
Assembly with name 'ACTk.Runtime' already exists (Assets/03.Graphics/Plugins 1/CodeStage/AntiCheatToolkit/Runtime/ACTk.Runtime.asmdef)
Assembly with name 'ACTk.Runtime' already exists (Assets/03.Graphics/Plugins/CodeStage/AntiCheatToolkit/Runtime/ACTk.Runtime.asmdef)
Assembly with name 'Pools' already exists (Assets/03.Graphics/Modules 1/Submodules/Pools/Pools.asmdef)
Assembly with name 'Pools' already exists (Assets/03.Graphics/Modules/Submodules/Pools/Pools.asmdef)
Assembly with name 'GameKit.Dependencies' already exists (Assets/03.Graphics/FishNet 1/Runtime/Plugins/GameKit/Dependencies/GameKit.Dependencies.asmdef)
Assembly with name 'GameKit.Dependencies' already exists (Assets/03.Graphics/FishNet/Runtime/Plugins/GameKit/Dependencies/GameKit.Dependencies.asmdef)
Assembly with name 'Extensions' already exists (Assets/03.Graphics/Redcode 1/Extensions/Extensions.asmdef)
Assembly with name 'Extensions' already exists (Assets/03.Graphics/Redcode/Extensions/Extensions.asmdef)
Assembly with name 'ACTk.Editor' already exists (Assets/03.Graphics/Plugins 1/CodeStage/AntiCheatToolkit/Editor/ACTk.Editor.asmdef)
Assembly with name 'ACTk.Editor' already exists (Assets/03.Graphics/Plugins/CodeStage/AntiCheatToolkit/Editor/ACTk.Editor.asmdef)
Assembly with name 'FishNet.Codegen.Cecil' already exists (Assets/03.Graphics/FishNet 1/CodeGenerating/cecil-0.11.4/MonoFN.Cecil.asmdef)
Assembly with name 'FishNet.Codegen.Cecil' already exists (Assets/03.Graphics/FishNet/CodeGenerating/cecil-0.11.4/MonoFN.Cecil.asmdef)
Assembly with name 'ACTk.Examples.Genuine.Editor' already exists (Assets/03.Graphics/Plugins 1/CodeStage/AntiCheatToolkit/Examples/Code Genuine Validation/Scripts/Editor/ACTk.Examples.Genuine.Editor.asmdef)
Assembly with name 'ACTk.Examples.Genuine.Editor' already exists (Assets/03.Graphics/Plugins/CodeStage/AntiCheatToolkit/Examples/Code Genuine Validation/Scripts/Editor/ACTk.Examples.Genuine.Editor.asmdef)
Assembly with name 'FishNet.Demos' already exists (Assets/03.Graphics/FishNet/Demos/FishNet.Demos.asmdef)
Assembly with name 'FishNet.Demos' already exists (Assets/03.Graphics/FishNet 1/Demos/FishNet.Demos.asmdef)
Assembly with name 'Unity.FishNet.Codegen' already exists (Assets/03.Graphics/FishNet/CodeGenerating/Unity.FishNet.CodeGen.asmdef)
Assembly with name 'Unity.FishNet.Codegen' already exists (Assets/03.Graphics/FishNet 1/CodeGenerating/Unity.FishNet.CodeGen.asmdef)
Refreshing native plugins compatible for Editor in 2.59 ms, found 4 plugins.
Native extension for iOS target not found
Native extension for WindowsStandalone target not found
Native extension for WebGL target not found
Assembly with name 'FishNet.Runtime' already exists (Assets/03.Graphics/FishNet 1/Runtime/FishNet.Runtime.asmdef)
Assembly with name 'FishNet.Runtime' already exists (Assets/03.Graphics/FishNet/Runtime/FishNet.Runtime.asmdef)
Assembly with name 'ExtensionsEditor' already exists (Assets/03.Graphics/Redcode/Extensions/Scripts/Editor/ExtensionsEditor.asmdef)
Assembly with name 'ExtensionsEditor' already exists (Assets/03.Graphics/Redcode 1/Extensions/Scripts/Editor/ExtensionsEditor.asmdef)
Assembly with name 'ACTk.Examples.Runtime' already exists (Assets/03.Graphics/Plugins 1/CodeStage/AntiCheatToolkit/Examples/API Examples/Scripts/Runtime/ACTk.Examples.Runtime.asmdef)
Assembly with name 'ACTk.Examples.Runtime' already exists (Assets/03.Graphics/Plugins/CodeStage/AntiCheatToolkit/Examples/API Examples/Scripts/Runtime/ACTk.Examples.Runtime.asmdef)
Assembly with name 'ACTk.Examples.Genuine.Runtime' already exists (Assets/03.Graphics/Plugins 1/CodeStage/AntiCheatToolkit/Examples/Code Genuine Validation/Scripts/Runtime/ACTk.Examples.Genuine.Runtime.asmdef)
Assembly with name 'ACTk.Examples.Genuine.Runtime' already exists (Assets/03.Graphics/Plugins/CodeStage/AntiCheatToolkit/Examples/Code Genuine Validation/Scripts/Runtime/ACTk.Examples.Genuine.Runtime.asmdef)
Assembly with name 'ACTk.Runtime' already exists (Assets/03.Graphics/Plugins 1/CodeStage/AntiCheatToolkit/Runtime/ACTk.Runtime.asmdef)
Assembly with name 'ACTk.Runtime' already exists (Assets/03.Graphics/Plugins/CodeStage/AntiCheatToolkit/Runtime/ACTk.Runtime.asmdef)
Assembly with name 'Pools' already exists (Assets/03.Graphics/Modules 1/Submodules/Pools/Pools.asmdef)
Assembly with name 'Pools' already exists (Assets/03.Graphics/Modules/Submodules/Pools/Pools.asmdef)
Assembly with name 'GameKit.Dependencies' already exists (Assets/03.Graphics/FishNet 1/Runtime/Plugins/GameKit/Dependencies/GameKit.Dependencies.asmdef)
Assembly with name 'GameKit.Dependencies' already exists (Assets/03.Graphics/FishNet/Runtime/Plugins/GameKit/Dependencies/GameKit.Dependencies.asmdef)
Assembly with name 'Extensions' already exists (Assets/03.Graphics/Redcode 1/Extensions/Extensions.asmdef)
Assembly with name 'Extensions' already exists (Assets/03.Graphics/Redcode/Extensions/Extensions.asmdef)
Assembly with name 'ACTk.Editor' already exists (Assets/03.Graphics/Plugins 1/CodeStage/AntiCheatToolkit/Editor/ACTk.Editor.asmdef)
Assembly with name 'ACTk.Editor' already exists (Assets/03.Graphics/Plugins/CodeStage/AntiCheatToolkit/Editor/ACTk.Editor.asmdef)
Assembly with name 'FishNet.Codegen.Cecil' already exists (Assets/03.Graphics/FishNet 1/CodeGenerating/cecil-0.11.4/MonoFN.Cecil.asmdef)
Assembly with name 'FishNet.Codegen.Cecil' already exists (Assets/03.Graphics/FishNet/CodeGenerating/cecil-0.11.4/MonoFN.Cecil.asmdef)
Assembly with name 'ACTk.Examples.Genuine.Editor' already exists (Assets/03.Graphics/Plugins 1/CodeStage/AntiCheatToolkit/Examples/Code Genuine Validation/Scripts/Editor/ACTk.Examples.Genuine.Editor.asmdef)
Assembly with name 'ACTk.Examples.Genuine.Editor' already exists (Assets/03.Graphics/Plugins/CodeStage/AntiCheatToolkit/Examples/Code Genuine Validation/Scripts/Editor/ACTk.Examples.Genuine.Editor.asmdef)
Assembly with name 'FishNet.Demos' already exists (Assets/03.Graphics/FishNet/Demos/FishNet.Demos.asmdef)
Assembly with name 'FishNet.Demos' already exists (Assets/03.Graphics/FishNet 1/Demos/FishNet.Demos.asmdef)
Assembly with name 'Unity.FishNet.Codegen' already exists (Assets/03.Graphics/FishNet/CodeGenerating/Unity.FishNet.CodeGen.asmdef)
Assembly with name 'Unity.FishNet.Codegen' already exists (Assets/03.Graphics/FishNet 1/CodeGenerating/Unity.FishNet.CodeGen.asmdef)
[ScriptCompilation] NOT recompiling all scripts because this is an import worker process. Reason to compile was: Define symbols changed
The project currently uses the compatibility mode where the Render Graph API is disabled. Support for this mode will be removed in future Unity versions. Migrate existing ScriptableRenderPasses to the new RenderGraph API. After the migration, disable the compatibility mode in Edit > Projects Settings > Graphics > Render Graph.
UnityEngine.Debug:ExtractStackTraceNoAlloc (byte*,int,string)
UnityEngine.StackTraceUtility:ExtractStackTrace ()
UnityEngine.DebugLogHandler:Internal_Log (UnityEngine.LogType,UnityEngine.LogOption,string,UnityEngine.Object)
UnityEngine.DebugLogHandler:LogFormat (UnityEngine.LogType,UnityEngine.Object,string,object[])
UnityEngine.Logger:Log (UnityEngine.LogType,object)
UnityEngine.Debug:LogWarning (object)
UnityEngine.Rendering.Universal.WarnUsingNonRenderGraph:EmitConsoleWarning () (at ./Library/PackageCache/com.unity.render-pipelines.universal/Runtime/Data/UniversalRenderPipelineAsset.cs:427)
System.Reflection.RuntimeMethodInfo:Invoke (object,System.Reflection.BindingFlags,System.Reflection.Binder,object[],System.Globalization.CultureInfo)
System.Reflection.MethodBase:Invoke (object,object[])
UnityEditor.EditorAssemblies:ProcessInitializeOnLoadMethodAttributes ()

(Filename: ./Library/PackageCache/com.unity.render-pipelines.universal/Runtime/Data/UniversalRenderPipelineAsset.cs Line: 427)

Added or removed Fish-Networking defines within player settings.
UnityEngine.Debug:ExtractStackTraceNoAlloc (byte*,int,string)
UnityEngine.StackTraceUtility:ExtractStackTrace ()
UnityEngine.DebugLogHandler:Internal_Log (UnityEngine.LogType,UnityEngine.LogOption,string,UnityEngine.Object)
UnityEngine.DebugLogHandler:LogFormat (UnityEngine.LogType,UnityEngine.Object,string,object[])
UnityEngine.Logger:Log (UnityEngine.LogType,object)
UnityEngine.Debug:Log (object)
FishNet.ScriptingDefines:AddDefineSymbols () (at Assets/03.Graphics/FishNet/Runtime/Editor/ScriptingDefines.cs:89)
System.Reflection.RuntimeMethodInfo:Invoke (object,System.Reflection.BindingFlags,System.Reflection.Binder,object[],System.Globalization.CultureInfo)
System.Reflection.MethodBase:Invoke (object,object[])
UnityEditor.EditorAssemblies:ProcessInitializeOnLoadMethodAttributes ()

(Filename: Assets/03.Graphics/FishNet/Runtime/Editor/ScriptingDefines.cs Line: 89)

[ScriptCompilation] NOT recompiling all scripts because this is an import worker process. Reason to compile was: Define symbols changed
Mono: successfully reloaded assembly
- Finished resetting the current domain, in  3.420 seconds
Domain Reload Profiling: 18200ms
	BeginReloadAssembly (197ms)
		ExecutionOrderSort (0ms)
		DisableScriptedObjects (6ms)
		BackupInstance (0ms)
		ReleaseScriptingObjects (0ms)
		CreateAndSetChildDomain (36ms)
	RebuildCommonClasses (58ms)
	RebuildNativeTypeToScriptingClass (15ms)
	initialDomainReloadingComplete (59ms)
	LoadAllAssembliesAndSetupDomain (14449ms)
		LoadAssemblies (13703ms)
		RebuildTransferFunctionScriptingTraits (0ms)
		AnalyzeDomain (864ms)
			TypeCache.Refresh (761ms)
				TypeCache.ScanAssembly (740ms)
			BuildScriptInfoCaches (87ms)
			ResolveRequiredComponents (11ms)
	FinalizeReload (3421ms)
		ReleaseScriptCaches (0ms)
		RebuildScriptCaches (0ms)
		SetupLoadedEditorAssemblies (2955ms)
			LogAssemblyErrors (0ms)
			InitializePlatformSupportModulesInManaged (11ms)
			SetLoadedEditorAssemblies (6ms)
			BeforeProcessingInitializeOnLoad (78ms)
			ProcessInitializeOnLoadAttributes (1324ms)
			ProcessInitializeOnLoadMethodAttributes (1529ms)
			AfterProcessingInitializeOnLoad (6ms)
			EditorAssembliesLoaded (1ms)
		ExecutionOrderSort2 (0ms)
		AwakeInstancesAfterBackupRestoration (7ms)
Launched and connected shader compiler UnityShaderCompiler.exe after 0.02 seconds
Refreshing native plugins compatible for Editor in 3.01 ms, found 4 plugins.
Preloading 0 native plugins for Editor in 0.00 ms.
Unloading 214 Unused Serialized files (Serialized files now loaded: 0)
Unloading 8457 unused Assets / (4.9 MB). Loaded Objects now: 9169.
Memory consumption went from 264.7 MB to 259.8 MB.
Total: 53.009900 ms (FindLiveObjects: 3.768700 ms CreateObjectMapping: 2.150900 ms MarkObjects: 40.571200 ms  DeleteObjects: 6.514900 ms)

Editor requested this worker to shutdown with reason: Scaling down because of idle timeout
AssetImportWorker is now disconnected from the server
Process exiting
Exiting without the bug reporter. Application will terminate with return code 0